demos/java/io/material/demo/shrine/products/build/outputs/logs/manifest-merger-debug-report.txt
-- Merging decision tree log ---
manifest
ADDED from shrine/products/AndroidManifest.xml:17:1-35:12
INJECTED from shrine/products/AndroidManifest.xml:17:1-35:12
INJECTED from shrine/products/AndroidManifest.xml:17:1-35:12
	package
		ADDED from shrine/products/AndroidManifest.xml:18:3-45
		INJECTED from shrine/products/AndroidManifest.xml
		INJECTED from shrine/products/AndroidManifest.xml
	xmlns:android
		ADDED from shrine/products/AndroidManifest.xml:17:11-69
application
ADDED from shrine/products/AndroidManifest.xml:20:3-33:17
activity#io.material.demo.shrine.products.ProductListActivity
ADDED from shrine/products/AndroidManifest.xml:21:5-28:16
	android:theme
		ADDED from shrine/products/AndroidManifest.xml:23:7-51
	android:name
		ADDED from shrine/products/AndroidManifest.xml:22:7-42
intent-filter#action:name:android.intent.action.MAIN+category:name:android.intent.category.LAUNCHER
ADDED from shrine/products/AndroidManifest.xml:24:7-27:23
action#android.intent.action.MAIN
ADDED from shrine/products/AndroidManifest.xml:25:9-60
	android:name
		ADDED from shrine/products/AndroidManifest.xml:25:17-58
category#android.intent.category.LAUNCHER
ADDED from shrine/products/AndroidManifest.xml:26:9-68
	android:name
		ADDED from shrine/products/AndroidManifest.xml:26:19-66
activity#io.material.demo.shrine.products.ItemActivity
ADDED from shrine/products/AndroidManifest.xml:29:5-32:58
	android:parentActivityName
		ADDED from shrine/products/AndroidManifest.xml:32:7-56
	android:theme
		ADDED from shrine/products/AndroidManifest.xml:31:7-55
	android:name
		ADDED from shrine/products/AndroidManifest.xml:30:7-35
uses-sdk
INJECTED from shrine/products/AndroidManifest.xml reason: use-sdk injection requested
INJECTED from shrine/products/AndroidManifest.xml
INJECTED from shrine/products/AndroidManifest.xml
INJECTED from shrine/products/AndroidManifest.xml
INJECTED from shrine/products/AndroidManifest.xml
	android:targetSdkVersion
		INJECTED from shrine/products/AndroidManifest.xml
		ADDED from shrine/products/AndroidManifest.xml
		INJECTED from shrine/products/AndroidManifest.xml
	android:minSdkVersion
		INJECTED from shrine/products/AndroidManifest.xml
		ADDED from shrine/products/AndroidManifest.xml
		INJECTED from shrine/products/AndroidManifest.xml